make --dry-run --always-make --keep-going --print-directory
make: Entering directory '/home/matthijs/projects/os/gameOS/arch/x86'
nasm -f elf32 ./kernel/multiboot_header.asm -o ./obj/multiboot_header.o
nasm -f elf32 ./kernel/start.asm -o ./obj/start.o
nasm -f elf32 ./kernel/int32_beta.asm -o ./obj/int32_beta.o
nasm -f elf32 ./kernel/cpuid.asm -o ./obj/cpuid.o
nasm -f elf32 ./kernel/memasm.asm -o ./obj/memasm.o
nasm -f elf32 ./kernel/ap_boot.asm -o ./obj/ap_boot.o
nasm -f elf32 ./kernel/stack.asm -o ./obj/stack.o
nasm -f elf32 ./kernel/pit.asm -o ./obj/pit.o
nasm -f elf32 ./kernel/pic.asm -o ./obj/pic.o
nasm -f elf32 ./kernel/gdt.asm -o ./obj/gdt_asm.o
nasm -f elf32 ./kernel/io.asm -o ./obj/io.o
$HOME/opt/cross/bin/i686-elf-gcc -Wall -fstrength-reduce -fomit-frame-pointer -fno-asynchronous-unwind-tables -finline-functions -nostdinc -fno-builtin -fno-stack-protector -I./include -o ./obj/main.o -c ./kernel/main.c
$HOME/opt/cross/bin/i686-elf-gcc -Wall -fstrength-reduce -fomit-frame-pointer -fno-asynchronous-unwind-tables -finline-functions -nostdinc -fno-builtin -fno-stack-protector -I./include -c -o ./obj/main_ap.o ./kernel/main_ap.c
$HOME/opt/cross/bin/i686-elf-gcc -Wall -fstrength-reduce -fomit-frame-pointer -fno-asynchronous-unwind-tables -finline-functions -nostdinc -fno-builtin -fno-stack-protector -I./include -c -o ./obj/common.o ./kernel/common.c
$HOME/opt/cross/bin/i686-elf-gcc -Wall -fstrength-reduce -fomit-frame-pointer -fno-asynchronous-unwind-tables -finline-functions -nostdinc -fno-builtin -fno-stack-protector -I./include -c -o ./obj/scrn.o ./kernel/scrn.c
$HOME/opt/cross/bin/i686-elf-gcc -Wall -fstrength-reduce -fomit-frame-pointer -fno-asynchronous-unwind-tables -finline-functions -nostdinc -fno-builtin -fno-stack-protector -I./include -c -o ./obj/gdt.o ./kernel/gdt.c
$HOME/opt/cross/bin/i686-elf-gcc -Wall -fstrength-reduce -fomit-frame-pointer -fno-asynchronous-unwind-tables -finline-functions -nostdinc -fno-builtin -fno-stack-protector -I./include -c -o ./obj/idt.o ./kernel/idt.c
$HOME/opt/cross/bin/i686-elf-gcc -Wall -fstrength-reduce -fomit-frame-pointer -fno-asynchronous-unwind-tables -finline-functions -nostdinc -fno-builtin -fno-stack-protector -I./include -c -o ./obj/isrs.o ./kernel/isrs.c
$HOME/opt/cross/bin/i686-elf-gcc -Wall -fstrength-reduce -fomit-frame-pointer -fno-asynchronous-unwind-tables -finline-functions -nostdinc -fno-builtin -fno-stack-protector -I./include -c -o ./obj/irq.o ./kernel/irq.c
$HOME/opt/cross/bin/i686-elf-gcc -Wall -fstrength-reduce -fomit-frame-pointer -fno-asynchronous-unwind-tables -finline-functions -nostdinc -fno-builtin -fno-stack-protector -I./include -c -o ./obj/timer.o ./kernel/timer.c
$HOME/opt/cross/bin/i686-elf-gcc -Wall -fstrength-reduce -fomit-frame-pointer -fno-asynchronous-unwind-tables -finline-functions -nostdinc -fno-builtin -fno-stack-protector -I./include -c -o ./obj/kb.o ./kernel/kb.c
$HOME/opt/cross/bin/i686-elf-gcc -Wall -fstrength-reduce -fomit-frame-pointer -fno-asynchronous-unwind-tables -finline-functions -nostdinc -fno-builtin -fno-stack-protector -I./include -c -o ./obj/vga.o ./kernel/vga.c
$HOME/opt/cross/bin/i686-elf-gcc -Wall -fstrength-reduce -fomit-frame-pointer -fno-asynchronous-unwind-tables -finline-functions -nostdinc -fno-builtin -fno-stack-protector -I./include -c -o ./obj/math.o ./kernel/math.c
$HOME/opt/cross/bin/i686-elf-gcc -Wall -fstrength-reduce -fomit-frame-pointer -fno-asynchronous-unwind-tables -finline-functions -nostdinc -fno-builtin -fno-stack-protector -I./include -c -o ./obj/mouse.o ./kernel/mouse.c
$HOME/opt/cross/bin/i686-elf-gcc -Wall -fstrength-reduce -fomit-frame-pointer -fno-asynchronous-unwind-tables -finline-functions -nostdinc -fno-builtin -fno-stack-protector -I./include -c -o ./obj/vbe.o ./kernel/vbe.c
$HOME/opt/cross/bin/i686-elf-gcc -Wall -fstrength-reduce -fomit-frame-pointer -fno-asynchronous-unwind-tables -finline-functions -nostdinc -fno-builtin -fno-stack-protector -I./include -c -o ./obj/mem.o ./kernel/mem.c
$HOME/opt/cross/bin/i686-elf-gcc -Wall -fstrength-reduce -fomit-frame-pointer -fno-asynchronous-unwind-tables -finline-functions -nostdinc -fno-builtin -fno-stack-protector -I./include -c -o ./obj/cpudet.o ./kernel/cpudet.c
$HOME/opt/cross/bin/i686-elf-gcc -Wall -fstrength-reduce -fomit-frame-pointer -fno-asynchronous-unwind-tables -finline-functions -nostdinc -fno-builtin -fno-stack-protector -I./include -c -o ./obj/cpu.o ./kernel/cpu.c
$HOME/opt/cross/bin/i686-elf-gcc -Wall -fstrength-reduce -fomit-frame-pointer -fno-asynchronous-unwind-tables -finline-functions -nostdinc -fno-builtin -fno-stack-protector -I./include -c -o ./obj/smp.o ./kernel/smp.c
$HOME/opt/cross/bin/i686-elf-gcc -Wall -fstrength-reduce -fomit-frame-pointer -fno-asynchronous-unwind-tables -finline-functions -nostdinc -fno-builtin -fno-stack-protector -I./include -c -o ./obj/apic.o ./kernel/apic.c
$HOME/opt/cross/bin/i686-elf-gcc -Wall -fstrength-reduce -fomit-frame-pointer -fno-asynchronous-unwind-tables -finline-functions -nostdinc -fno-builtin -fno-stack-protector -I./include -c -o ./obj/acpi.o ./kernel/acpi.c
$HOME/opt/cross/bin/i686-elf-gcc -Wall -fstrength-reduce -fomit-frame-pointer -fno-asynchronous-unwind-tables -finline-functions -nostdinc -fno-builtin -fno-stack-protector -I./include -c -o ./obj/hpet.o ./kernel/hpet.c
$HOME/opt/cross/bin/i686-elf-gcc -Wall -fstrength-reduce -fomit-frame-pointer -fno-asynchronous-unwind-tables -finline-functions -nostdinc -fno-builtin -fno-stack-protector -I./include -c -o ./obj/pci.o ./kernel/pci.c
$HOME/opt/cross/bin/i686-elf-gcc -T ./kernel/link2.ld -o ./build/kernel.bin -ffreestanding -O2 -nostdlib -lgcc
 
sudo: a terminal is required to read the password; either use the -S option to read from standard input or configure an askpass helper
 
GNU xorriso 1.5.4.pl02 : RockRidge filesystem manipulator, libburnia project.

Drive current: -outdev 'stdio:./iso/myos.iso'
Media current: stdio file, overwriteable
Media status : is blank
Media summary: 0 sessions, 0 data blocks, 0 data,  358g free
Added to ISO image: directory '/'='/tmp/grub.wkI8bR'
xorriso : UPDATE :     290 files added in 1 seconds
Added to ISO image: directory '/'='/home/matthijs/projects/os/gameOS/arch/x86/iso'
xorriso : UPDATE :     294 files added in 1 seconds
xorriso : NOTE : Copying to System Area: 512 bytes from file '/usr/lib/grub/i386-pc/boot_hybrid.img'
xorriso : UPDATE :  81.87% done
 
ISO image produced: 2653 sectors
Written to medium : 2653 sectors at LBA 0
Writing to 'stdio:./iso/myos.iso' completed successfully.

 
sudo: a terminal is required to read the password; either use the -S option to read from standard input or configure an askpass helper
 
make: Leaving directory '/home/matthijs/projects/os/gameOS/arch/x86'
 
